#-----------------------------------------------------------
# xsim v2024.1 (64-bit)
# SW Build 5076996 on Wed May 22 18:36:09 MDT 2024
# IP Build 5075265 on Wed May 22 21:45:21 MDT 2024
# SharedData Build 5076995 on Wed May 22 18:29:18 MDT 2024
# Start of session at: Mon Nov  4 22:05:19 2024
# Process ID: 251874
# Current directory: /home/flyinglobster/i2c-bridge-uvm/i2c_master_axil
# Command line: xsim -mode tcl -source {xsim.dir/tb_top/xsim_script.tcl}
# Log file: /home/flyinglobster/i2c-bridge-uvm/i2c_master_axil/xsim.log
# Journal file: /home/flyinglobster/i2c-bridge-uvm/i2c_master_axil/xsim.jou
# Running On        :pop-os
# Platform          :Pop
# Operating System  :Pop!_OS 22.04 LTS
# Processor Detail  :AMD Ryzen 5 3600 6-Core Processor
# CPU Frequency     :2200.000 MHz
# CPU Physical cores:6
# CPU Logical cores :12
# Host memory       :33575 MB
# Swap memory       :21474 MB
# Total Virtual     :55050 MB
# Available Virtual :42945 MB
#-----------------------------------------------------------
source xsim.dir/tb_top/xsim_script.tcl
# xsim {tb_top} -testplusarg UVM_VERBOSITY=UVM_LOW -autoloadwcfg -runall
Time resolution is 1 ps
run -all
UVM_INFO /media/flyinglobster/wd/vivado/Vivado/2024.1/data/system_verilog/uvm_1.2/xlnx_uvm_package.sv(18601) @ 0: reporter [UVM/RELNOTES] 
----------------------------------------------------------------
UVM-1.2
(C) 2007-2014 Mentor Graphics Corporation
(C) 2007-2014 Cadence Design Systems, Inc.
(C) 2006-2014 Synopsys, Inc.
(C) 2011-2013 Cypress Semiconductor Corp.
(C) 2013-2014 NVIDIA Corporation
----------------------------------------------------------------

  ***********       IMPORTANT RELEASE NOTES         ************

  You are using a version of the UVM library that has been compiled
  with `UVM_NO_DEPRECATED undefined.

  You are using a version of the UVM library that has been compiled
  with `UVM_OBJECT_DO_NOT_NEED_CONSTRUCTOR undefined.

      (Specify +UVM_NO_RELNOTES to turn off this notice)

UVM_INFO @ 0: reporter [RNTST] Running test i2c_master_test...
UVM_INFO i2c_master_env.sv(35) @ 0: uvm_test_top.env [ENV] All connections completed
UVM_INFO /media/flyinglobster/wd/vivado/Vivado/2024.1/data/system_verilog/uvm_1.2/xlnx_uvm_package.sv(20867) @ 0: reporter [UVM/COMP/NAMECHECK] This implementation of the component name checks requires DPI to be enabled
UVM_INFO i2c_master_test.sv(15) @ 0: uvm_test_top [TEST] Starting config sequence
UVM_INFO i2c_monitor.sv(74) @ 0: uvm_test_top.env.i2c_mon [I2C_MON] Waiting for I2C transaction...
UVM_INFO i2c_master_test.sv(21) @ 1125000: uvm_test_top [TEST] Starting write/read sequence
UVM_INFO i2c_write_read_seq.sv(13) @ 1125000: uvm_test_top.env.axil_seqr@@wr_seq [SEQ] Starting I2C write/read sequence
UVM_INFO i2c_write_read_seq.sv(21) @ 1125000: uvm_test_top.env.axil_seqr@@wr_seq [SEQ] Sending I2C write command: addr=50 data=a5
UVM_INFO axil_monitor.sv(41) @ 1165000: uvm_test_top.env.axil_mon [AXIL_MON] Collected write transaction: addr=c data=00000550
UVM_INFO i2c_master_scoreboard.sv(21) @ 1165000: uvm_test_top.env.scbd [SCBD] Received AXI transaction: addr=c data=00000550 read=0
UVM_INFO i2c_master_scoreboard.sv(21) @ 1165000: uvm_test_top.env.scbd [SCBD] Received AXI transaction: addr=0 data=00000000 read=0
UVM_INFO i2c_write_read_seq.sv(29) @ 1165000: uvm_test_top.env.axil_seqr@@wr_seq [SEQ] Sending I2C write command: addr=50 data=a5
UVM_INFO i2c_responder.sv(21) @ 1185000: uvm_test_top.env.i2c_resp [I2C_RESP] START condition detected
UVM_INFO i2c_monitor.sv(37) @ 1195000: uvm_test_top.env.i2c_mon [I2C_MON] START condition detected at time 1195000
UVM_INFO i2c_write_read_seq.sv(38) @ 1245000: uvm_test_top.env.axil_seqr@@wr_seq [SEQ] Status register: 00004101
UVM_INFO i2c_responder.sv(21) @ 1350000: uvm_test_top.env.i2c_resp [I2C_RESP] START condition detected
UVM_INFO i2c_responder.sv(21) @ 1525000: uvm_test_top.env.i2c_resp [I2C_RESP] START condition detected
UVM_INFO i2c_responder.sv(21) @ 1650000: uvm_test_top.env.i2c_resp [I2C_RESP] START condition detected
UVM_INFO i2c_responder.sv(21) @ 1810000: uvm_test_top.env.i2c_resp [I2C_RESP] START condition detected
UVM_INFO i2c_monitor.sv(90) @ 1935000: uvm_test_top.env.i2c_mon [I2C_MON] Address byte=0x50, ACK=0 at time 1935000
UVM_INFO i2c_responder.sv(21) @ 2185000: uvm_test_top.env.i2c_resp [I2C_RESP] START condition detected
UVM_INFO i2c_responder.sv(21) @ 2365000: uvm_test_top.env.i2c_resp [I2C_RESP] START condition detected
UVM_INFO i2c_responder.sv(21) @ 2490000: uvm_test_top.env.i2c_resp [I2C_RESP] START condition detected
UVM_INFO i2c_responder.sv(21) @ 2650000: uvm_test_top.env.i2c_resp [I2C_RESP] START condition detected
UVM_INFO i2c_monitor.sv(121) @ 2775000: uvm_test_top.env.i2c_mon [I2C_MON] Write data=0xd2, ACK=1 at time 2775000
UVM_ERROR i2c_master_scoreboard.sv(64) @ 2775000: uvm_test_top.env.scbd [SCBD] Unexpected I2C transaction received: addr=28 read=0 data=d2
UVM_INFO i2c_monitor.sv(74) @ 2775000: uvm_test_top.env.i2c_mon [I2C_MON] Waiting for I2C transaction...
UVM_INFO i2c_write_read_seq.sv(49) @ 6245000: uvm_test_top.env.axil_seqr@@wr_seq [SEQ] Sending I2C read command: addr=50
UVM_INFO axil_monitor.sv(41) @ 6285000: uvm_test_top.env.axil_mon [AXIL_MON] Collected write transaction: addr=0 data=0000a100
UVM_INFO i2c_master_scoreboard.sv(21) @ 6285000: uvm_test_top.env.scbd [SCBD] Received AXI transaction: addr=0 data=0000a100 read=1
UVM_INFO i2c_master_scoreboard.sv(21) @ 6285000: uvm_test_top.env.scbd [SCBD] Received AXI transaction: addr=0 data=00000000 read=0
UVM_INFO axil_monitor.sv(55) @ 6325000: uvm_test_top.env.axil_mon [AXIL_MON] Collected read transaction: addr=0 data=00004802
UVM_INFO i2c_master_scoreboard.sv(21) @ 6325000: uvm_test_top.env.scbd [SCBD] Received AXI transaction: addr=0 data=00004802 read=1
UVM_INFO i2c_master_scoreboard.sv(21) @ 6325000: uvm_test_top.env.scbd [SCBD] Received AXI transaction: addr=0 data=00000000 read=0
UVM_INFO i2c_write_read_seq.sv(58) @ 6325000: uvm_test_top.env.axil_seqr@@wr_seq [SEQ] Status after read: 00004802
UVM_INFO /media/flyinglobster/wd/vivado/Vivado/2024.1/data/system_verilog/uvm_1.2/xlnx_uvm_package.sv(19968) @ 16325000: reporter [TEST_DONE] 'run' phase is ready to proceed to the 'extract' phase
UVM_INFO i2c_master_scoreboard.sv(38) @ 16325000: uvm_test_top.env.scbd [SCBD] Total AXI transactions: 6
UVM_INFO i2c_master_scoreboard.sv(40) @ 16325000: uvm_test_top.env.scbd [SCBD] Remaining expected I2C transactions: 0
UVM_INFO /media/flyinglobster/wd/vivado/Vivado/2024.1/data/system_verilog/uvm_1.2/xlnx_uvm_package.sv(13673) @ 16325000: reporter [UVM/REPORT/SERVER] 
--- UVM Report Summary ---

** Report counts by severity
UVM_INFO :   38
UVM_WARNING :    0
UVM_ERROR :    1
UVM_FATAL :    0
** Report counts by id
[AXIL_MON]     3
[ENV]     1
[I2C_MON]     5
[I2C_RESP]     9
[RNTST]     1
[SCBD]     9
[SEQ]     6
[TEST]     2
[TEST_DONE]     1
[UVM/COMP/NAMECHECK]     1
[UVM/RELNOTES]     1

$finish called at time : 16325 ns : File "/media/flyinglobster/wd/vivado/Vivado/2024.1/data/system_verilog/uvm_1.2/xlnx_uvm_package.sv" Line 18699
exit
INFO: [Common 17-206] Exiting xsim at Mon Nov  4 22:05:21 2024...
